====================================
Job started on rg31703
Start time: Sat 14 Mar 2026 08:39:53 PM EDT
Working dir: /home/weiz/links/scratch/weiz_3dgs_rp
====================================

Due to MODULEPATH changes, the following have been reloaded:
  1) arrow/18.1.0     2) opencv/4.10.0

GPU info:
Sat Mar 14 20:39:55 2026       
+-----------------------------------------------------------------------------------------+
| NVIDIA-SMI 570.211.01             Driver Version: 570.211.01     CUDA Version: 12.8     |
|-----------------------------------------+------------------------+----------------------+
| GPU  Name                 Persistence-M | Bus-Id          Disp.A | Volatile Uncorr. ECC |
| Fan  Temp   Perf          Pwr:Usage/Cap |           Memory-Usage | GPU-Util  Compute M. |
|                                         |                        |               MIG M. |
|=========================================+========================+======================|
|   0  NVIDIA H100 80GB HBM3          Off |   00000000:CB:00.0 Off |                    0 |
| N/A   33C    P0             69W /  700W |       0MiB /  81559MiB |      0%      Default |
|                                         |                        |             Disabled |
+-----------------------------------------+------------------------+----------------------+
                                                                                         
+-----------------------------------------------------------------------------------------+
| Processes:                                                                              |
|  GPU   GI   CI              PID   Type   Process name                        GPU Memory |
|        ID   ID                                                               Usage      |
|=========================================================================================|
|  No running processes found                                                             |
+-----------------------------------------------------------------------------------------+
====================================
Starting training...
====================================
start...

loading datasets...

loading model...

Loading weights:   0%|          | 0/223 [00:00<?, ?it/s]Loading weights: 100%|██████████| 223/223 [00:00<00:00, 11086.97it/s]
init training...

start training...

Epoch 1:   0%|          | 0/117 [00:00<?, ?it/s]/localscratch/spool/slurmd/job8385731/slurm_script: line 48: 954505 Killed                  python -u train.py
====================================
Training finished at Sat 14 Mar 2026 08:41:28 PM EDT
====================================
slurmstepd: error: Detected 2 oom_kill events in StepId=8385731.batch. Some of the step tasks have been OOM Killed.
