====================================
Job started on rg31702
Start time: Wed 25 Mar 2026 01:40:09 PM EDT
Working dir: /home/weiz/links/scratch/weiz_3dgs_rp
====================================

Due to MODULEPATH changes, the following have been reloaded:
  1) arrow/18.1.0     2) opencv/4.10.0

GPU info:
Wed Mar 25 13:40:11 2026       
+-----------------------------------------------------------------------------------------+
| NVIDIA-SMI 570.211.01             Driver Version: 570.211.01     CUDA Version: 12.8     |
|-----------------------------------------+------------------------+----------------------+
| GPU  Name                 Persistence-M | Bus-Id          Disp.A | Volatile Uncorr. ECC |
| Fan  Temp   Perf          Pwr:Usage/Cap |           Memory-Usage | GPU-Util  Compute M. |
|                                         |                        |               MIG M. |
|=========================================+========================+======================|
|   0  NVIDIA H100 80GB HBM3          Off |   00000000:4E:00.0 Off |                    0 |
| N/A   36C    P0             71W /  700W |       0MiB /  81559MiB |      0%      Default |
|                                         |                        |             Disabled |
+-----------------------------------------+------------------------+----------------------+
                                                                                         
+-----------------------------------------------------------------------------------------+
| Processes:                                                                              |
|  GPU   GI   CI              PID   Type   Process name                        GPU Memory |
|        ID   ID                                                               Usage      |
|=========================================================================================|
|  No running processes found                                                             |
+-----------------------------------------------------------------------------------------+
====================================
Starting training...
====================================
start...

training model version: mvv3
loading datasets...

loading model...

Loading weights:   0%|          | 0/223 [00:00<?, ?it/s]Loading weights:   2%|▏         | 5/223 [00:00<00:05, 36.80it/s]Loading weights: 100%|██████████| 223/223 [00:00<00:00, 1286.53it/s]
Downloading: "https://huggingface.co/facebook/VGGT-1B/resolve/main/model.pt" to /home/weiz/links/scratch/huggingface/vggt/model.pt
Traceback (most recent call last):
  File "/cvmfs/soft.computecanada.ca/easybuild/software/2023/x86-64-v4/Compiler/gcccore/python/3.11.5/lib/python3.11/urllib/request.py", line 1348, in do_open
    h.request(req.get_method(), req.selector, req.data, headers,
  File "/cvmfs/soft.computecanada.ca/easybuild/software/2023/x86-64-v4/Compiler/gcccore/python/3.11.5/lib/python3.11/http/client.py", line 1286, in request
    self._send_request(method, url, body, headers, encode_chunked)
  File "/cvmfs/soft.computecanada.ca/easybuild/software/2023/x86-64-v4/Compiler/gcccore/python/3.11.5/lib/python3.11/http/client.py", line 1332, in _send_request
    self.endheaders(body, encode_chunked=encode_chunked)
  File "/cvmfs/soft.computecanada.ca/easybuild/software/2023/x86-64-v4/Compiler/gcccore/python/3.11.5/lib/python3.11/http/client.py", line 1281, in endheaders
    self._send_output(message_body, encode_chunked=encode_chunked)
  File "/cvmfs/soft.computecanada.ca/easybuild/software/2023/x86-64-v4/Compiler/gcccore/python/3.11.5/lib/python3.11/http/client.py", line 1041, in _send_output
    self.send(msg)
  File "/cvmfs/soft.computecanada.ca/easybuild/software/2023/x86-64-v4/Compiler/gcccore/python/3.11.5/lib/python3.11/http/client.py", line 979, in send
    self.connect()
  File "/cvmfs/soft.computecanada.ca/easybuild/software/2023/x86-64-v4/Compiler/gcccore/python/3.11.5/lib/python3.11/http/client.py", line 1451, in connect
    super().connect()
  File "/cvmfs/soft.computecanada.ca/easybuild/software/2023/x86-64-v4/Compiler/gcccore/python/3.11.5/lib/python3.11/http/client.py", line 945, in connect
    self.sock = self._create_connection(
                ^^^^^^^^^^^^^^^^^^^^^^^^
  File "/cvmfs/soft.computecanada.ca/easybuild/software/2023/x86-64-v4/Compiler/gcccore/python/3.11.5/lib/python3.11/socket.py", line 851, in create_connection
    raise exceptions[0]
  File "/cvmfs/soft.computecanada.ca/easybuild/software/2023/x86-64-v4/Compiler/gcccore/python/3.11.5/lib/python3.11/socket.py", line 836, in create_connection
    sock.connect(sa)
OSError: [Errno 101] Network is unreachable

During handling of the above exception, another exception occurred:

Traceback (most recent call last):
  File "/lustre10/scratch/weiz/weiz_3dgs_rp/train.py", line 692, in <module>
    train_re10k(config)
  File "/lustre10/scratch/weiz/weiz_3dgs_rp/train.py", line 350, in train_re10k
    model = build_model(config, device)
            ^^^^^^^^^^^^^^^^^^^^^^^^^^^
  File "/lustre10/scratch/weiz/weiz_3dgs_rp/train.py", line 71, in build_model
    return model_cls(**filtered_kwargs).to(device)
           ^^^^^^^^^^^^^^^^^^^^^^^^^^^^
  File "/lustre10/scratch/weiz/weiz_3dgs_rp/gs_models/mvv3_model.py", line 42, in __init__
    self.vggt_depth = OfficialVGGTDepthModule(
                      ^^^^^^^^^^^^^^^^^^^^^^^^
  File "/lustre10/scratch/weiz/weiz_3dgs_rp/gs_models/mvv3_vggt_depth.py", line 261, in __init__
    state_dict = self._load_state_dict()
                 ^^^^^^^^^^^^^^^^^^^^^^^
  File "/lustre10/scratch/weiz/weiz_3dgs_rp/gs_models/mvv3_vggt_depth.py", line 276, in _load_state_dict
    state_dict = torch.hub.load_state_dict_from_url(
                 ^^^^^^^^^^^^^^^^^^^^^^^^^^^^^^^^^^^
  File "/lustre10/scratch/weiz/weiz_3dgs_rp/weiz_3dgs/lib/python3.11/site-packages/torch/hub.py", line 880, in load_state_dict_from_url
    download_url_to_file(url, cached_file, hash_prefix, progress=progress)
  File "/lustre10/scratch/weiz/weiz_3dgs_rp/weiz_3dgs/lib/python3.11/site-packages/torch/hub.py", line 736, in download_url_to_file
    with urlopen(req) as u:
         ^^^^^^^^^^^^
  File "/cvmfs/soft.computecanada.ca/easybuild/software/2023/x86-64-v4/Compiler/gcccore/python/3.11.5/lib/python3.11/urllib/request.py", line 216, in urlopen
    return opener.open(url, data, timeout)
           ^^^^^^^^^^^^^^^^^^^^^^^^^^^^^^^
  File "/cvmfs/soft.computecanada.ca/easybuild/software/2023/x86-64-v4/Compiler/gcccore/python/3.11.5/lib/python3.11/urllib/request.py", line 519, in open
    response = self._open(req, data)
               ^^^^^^^^^^^^^^^^^^^^^
  File "/cvmfs/soft.computecanada.ca/easybuild/software/2023/x86-64-v4/Compiler/gcccore/python/3.11.5/lib/python3.11/urllib/request.py", line 536, in _open
    result = self._call_chain(self.handle_open, protocol, protocol +
             ^^^^^^^^^^^^^^^^^^^^^^^^^^^^^^^^^^^^^^^^^^^^^^^^^^^^^^^
  File "/cvmfs/soft.computecanada.ca/easybuild/software/2023/x86-64-v4/Compiler/gcccore/python/3.11.5/lib/python3.11/urllib/request.py", line 496, in _call_chain
    result = func(*args)
             ^^^^^^^^^^^
  File "/cvmfs/soft.computecanada.ca/easybuild/software/2023/x86-64-v4/Compiler/gcccore/python/3.11.5/lib/python3.11/urllib/request.py", line 1391, in https_open
    return self.do_open(http.client.HTTPSConnection, req,
           ^^^^^^^^^^^^^^^^^^^^^^^^^^^^^^^^^^^^^^^^^^^^^^
  File "/cvmfs/soft.computecanada.ca/easybuild/software/2023/x86-64-v4/Compiler/gcccore/python/3.11.5/lib/python3.11/urllib/request.py", line 1351, in do_open
    raise URLError(err)
urllib.error.URLError: <urlopen error [Errno 101] Network is unreachable>
====================================
Training finished at Wed 25 Mar 2026 01:50:55 PM EDT
====================================
